<?xml version="1.0" encoding="UTF-8"?>
<!-- Generated by org.testng.reporters.JUnitXMLReporter -->
<testsuite ignored="0" hostname="RGDevice" failures="0" tests="1" name="test" time="0.181" errors="0" timestamp="2024-03-22T09:31:52 IST">
  <testcase classname="Working_with_ExtentReport.ExtentReport_Practice" name="@BeforeTest extentreportmethod" time="0.124">
    <failure type="java.lang.NullPointerException" message="Cannot invoke &amp;quot;com.aventstack.extentreports.ExtentReports.attachReporter(com.aventstack.extentreports.observer.ExtentObserver[])&amp;quot; because &amp;quot;this.ex&amp;quot; is null">
      <![CDATA[java.lang.NullPointerException: Cannot invoke "com.aventstack.extentreports.ExtentReports.attachReporter(com.aventstack.extentreports.observer.ExtentObserver[])" because "this.ex" is null
at Working_with_ExtentReport.ExtentReport_Practice.extentreportmethod(ExtentReport_Practice.java:23)
... Removed 22 stack frames]]>
    </failure>
  </testcase> <!-- @BeforeTest extentreportmethod -->
  <testcase classname="Working_with_ExtentReport.ExtentReport_Practice" name="getdata" time="0.0">
    <skipped/>
  </testcase> <!-- getdata -->
</testsuite> <!-- test -->
