<?xml version="1.0" encoding="UTF-8"?>
<!-- Generated by org.testng.reporters.JUnitReportReporter -->
<testsuite hostname="RGDevice" failures="0" tests="2" name="Rahul_Shetty_TestNG_Practice.day3" time="0.012" errors="0" timestamp="2024-03-15T17:39:42 IST" skipped="0">
  <testcase classname="Rahul_Shetty_TestNG_Practice.day3" name="start" time="0.002"/>
  <testcase classname="Rahul_Shetty_TestNG_Practice.day3" name="bt" time="0.010"/>
</testsuite> <!-- Rahul_Shetty_TestNG_Practice.day3 -->
